Using pre-set license
Built from '2020.3/staging' branch; Version is '2020.3.13f1 (71691879b7f5) revision 7432472'; Using compiler version '192528614'; Build Type 'Release'
OS: 'Windows 10 Home Single Language; OS build 19044.1526; Version 2009; 64bit' Language: 'ko' Physical Memory: 15747 MB
BatchMode: 1, IsHumanControllingUs: 0, StartBugReporterOnCrash: 0, Is64bit: 1, IsPro: 0

 COMMAND LINE ARGUMENTS:
C:\Program Files\Unity\Hub\Editor\2020.3.13f1\Editor\Unity.exe
-adb2
-batchMode
-noUpm
-name
AssetImportWorker0
-projectPath
C:/Users/a5539/Desktop/bwatson/DontTouch/DontTouch
-logFile
Logs/AssetImportWorker0.log
-srvPort
10685
Successfully changed project path to: C:/Users/a5539/Desktop/bwatson/DontTouch/DontTouch
C:/Users/a5539/Desktop/bwatson/DontTouch/DontTouch
Using Asset Import Pipeline V2.
Refreshing native plugins compatible for Editor in 25.81 ms, found 2 plugins.
Preloading 0 native plugins for Editor in 0.00 ms.
Initialize engine version: 2020.3.13f1 (71691879b7f5)
[Subsystems] Discovering subsystems at path C:/Program Files/Unity/Hub/Editor/2020.3.13f1/Editor/Data/Resources/UnitySubsystems
[Subsystems] Discovering subsystems at path C:/Users/a5539/Desktop/bwatson/DontTouch/DontTouch/Assets
GfxDevice: creating device client; threaded=0
Direct3D:
    Version:  Direct3D 11.0 [level 11.1]
    Renderer: NVIDIA GeForce GTX 1660 SUPER (ID=0x21c4)
    Vendor:   
    VRAM:     5991 MB
    Driver:   30.0.14.7208
Initialize mono
Mono path[0] = 'C:/Program Files/Unity/Hub/Editor/2020.3.13f1/Editor/Data/Managed'
Mono path[1] = 'C:/Program Files/Unity/Hub/Editor/2020.3.13f1/Editor/Data/MonoBleedingEdge/lib/mono/unityjit'
Mono config path = 'C:/Program Files/Unity/Hub/Editor/2020.3.13f1/Editor/Data/MonoBleedingEdge/etc'
Using monoOptions --debugger-agent=transport=dt_socket,embedding=1,server=y,suspend=n,address=127.0.0.1:56572
Begin MonoManager ReloadAssembly
Registering precompiled unity dll's ...
Register platform support module: C:/Program Files/Unity/Hub/Editor/2020.3.13f1/Editor/Data/PlaybackEngines/WebGLSupport/UnityEditor.WebGL.Extensions.dll
Register platform support module: C:/Program Files/Unity/Hub/Editor/2020.3.13f1/Editor/Data/PlaybackEngines/WindowsStandaloneSupport/UnityEditor.WindowsStandalone.Extensions.dll
Registered in 0.001786 seconds.
Native extension for WindowsStandalone target not found
Native extension for WebGL target not found
Refreshing native plugins compatible for Editor in 25.71 ms, found 2 plugins.
Preloading 0 native plugins for Editor in 0.00 ms.
Mono: successfully reloaded assembly
- Completed reload, in  1.447 seconds
Platform modules already initialized, skipping
Registering precompiled user dll's ...
Registered in 0.002980 seconds.
Begin MonoManager ReloadAssembly
Native extension for WindowsStandalone target not found
Native extension for WebGL target not found
Refreshing native plugins compatible for Editor in 0.31 ms, found 2 plugins.
Preloading 0 native plugins for Editor in 0.00 ms.
Mono: successfully reloaded assembly
- Completed reload, in  0.830 seconds
Platform modules already initialized, skipping
========================================================================
Worker process is ready to serve import requests
Launched and connected shader compiler UnityShaderCompiler.exe after 0.04 seconds
Refreshing native plugins compatible for Editor in 0.30 ms, found 2 plugins.
Preloading 0 native plugins for Editor in 0.00 ms.
Unloading 1479 Unused Serialized files (Serialized files now loaded: 0)
System memory in use before: 70.1 MB.
System memory in use after: 70.2 MB.

Unloading 22 unused Assets to reduce memory usage. Loaded Objects now: 1918.
Total: 2.377000 ms (FindLiveObjects: 0.207400 ms CreateObjectMapping: 0.034000 ms MarkObjects: 2.048300 ms  DeleteObjects: 0.085100 ms)

AssetImportParameters requested are different than current active one (requested -> active):
  custom:framework-win-MediaFoundation: 216162199b28c13a410421893ffa2e32 -> 
  custom:video-decoder-ogg-theora: a1e56fd34408186e4bbccfd4996cb3dc -> 
  custom:container-muxer-webm: aa71ff27fc2769a1b78a27578f13a17b -> 
  custom:container-demuxer-webm: 4f35f7cbe854078d1ac9338744f61a02 -> 
  custom:container-demuxer-ogg: 62fdf1f143b41e24485cea50d1cbac27 -> 
  custom:video-encoder-webm-vp8: eb34c28f22e8b96e1ab97ce403110664 -> 
  custom:video-decoder-webm-vp8: 9c59270c3fd7afecdb556c50c9e8de78 -> 
  custom:audio-decoder-ogg-vorbis: bf7c407c2cedff20999df2af8eb42d56 -> 
  custom:audio-encoder-webm-vorbis: bf7c407c2cedff20999df2af8eb42d56 -> 
========================================================================
Received Import Request.
  path: Assets/Script/Title/StageINFO.cs
  artifactKey: Guid(c3b1709b442a467418020de4f907980c) Importer(815301076,1909f56bfc062723c751e8b465ee728b)
Start importing Assets/Script/Title/StageINFO.cs using Guid(c3b1709b442a467418020de4f907980c) Importer(815301076,1909f56bfc062723c751e8b465ee728b)  -> (artifact id: '5307951a20feee51d9451e6cf239e963') in 0.032014 seconds 
  Import took 0.035117 seconds .

========================================================================
Received Import Request.
  Time since last request: 0.000215 seconds.
  path: Assets/Script/Title/SidePanel.cs
  artifactKey: Guid(07ad829aabf60af46aa1f5c8b473a737) Importer(815301076,1909f56bfc062723c751e8b465ee728b)
Start importing Assets/Script/Title/SidePanel.cs using Guid(07ad829aabf60af46aa1f5c8b473a737) Importer(815301076,1909f56bfc062723c751e8b465ee728b)  -> (artifact id: '5d42fb45a85cff64abecc471fb2c7351') in 0.007627 seconds 
  Import took 0.010334 seconds .

========================================================================
Received Import Request.
  Time since last request: 4.326125 seconds.
  path: Assets/Script/Title/UpPanel.cs
  artifactKey: Guid(724fadb859b943d40949514c93e05866) Importer(815301076,1909f56bfc062723c751e8b465ee728b)
Start importing Assets/Script/Title/UpPanel.cs using Guid(724fadb859b943d40949514c93e05866) Importer(815301076,1909f56bfc062723c751e8b465ee728b)  -> (artifact id: 'bae530634fe0b01dac49799933f0ff60') in 0.007186 seconds 
  Import took 0.010179 seconds .

========================================================================
Received Import Request.
  Time since last request: 0.000289 seconds.
  path: Assets/Script/Title/UpPanel.cs
  artifactKey: Guid(724fadb859b943d40949514c93e05866) Importer(815301076,1909f56bfc062723c751e8b465ee728b)
Start importing Assets/Script/Title/UpPanel.cs using Guid(724fadb859b943d40949514c93e05866) Importer(815301076,1909f56bfc062723c751e8b465ee728b)  -> (artifact id: 'bae530634fe0b01dac49799933f0ff60') in 0.002809 seconds 
  Import took 0.005036 seconds .

========================================================================
Received Prepare
Refreshing native plugins compatible for Editor in 2.50 ms, found 2 plugins.
Preloading 0 native plugins for Editor in 0.00 ms.
Unloading 12 Unused Serialized files (Serialized files now loaded: 0)
System memory in use before: 41.0 MB.
System memory in use after: 41.1 MB.

Unloading 12 unused Assets to reduce memory usage. Loaded Objects now: 1918.
Total: 1.817000 ms (FindLiveObjects: 0.185900 ms CreateObjectMapping: 0.035600 ms MarkObjects: 1.542800 ms  DeleteObjects: 0.052100 ms)

AssetImportParameters requested are different than current active one (requested -> active):
  custom:framework-win-MediaFoundation: 216162199b28c13a410421893ffa2e32 -> 
  custom:video-decoder-ogg-theora: a1e56fd34408186e4bbccfd4996cb3dc -> 
  custom:container-muxer-webm: aa71ff27fc2769a1b78a27578f13a17b -> 
  custom:container-demuxer-webm: 4f35f7cbe854078d1ac9338744f61a02 -> 
  custom:container-demuxer-ogg: 62fdf1f143b41e24485cea50d1cbac27 -> 
  custom:video-encoder-webm-vp8: eb34c28f22e8b96e1ab97ce403110664 -> 
  custom:video-decoder-webm-vp8: 9c59270c3fd7afecdb556c50c9e8de78 -> 
  custom:audio-decoder-ogg-vorbis: bf7c407c2cedff20999df2af8eb42d56 -> 
  custom:audio-encoder-webm-vorbis: bf7c407c2cedff20999df2af8eb42d56 -> 
========================================================================
Received Import Request.
  Time since last request: 330.207354 seconds.
  path: Assets/Scenes/Stage1.unity
  artifactKey: Guid(ab5f5d41e0a3aa144abac17e9fc133f7) Importer(815301076,1909f56bfc062723c751e8b465ee728b)
Start importing Assets/Scenes/Stage1.unity using Guid(ab5f5d41e0a3aa144abac17e9fc133f7) Importer(815301076,1909f56bfc062723c751e8b465ee728b)  -> (artifact id: '6f8b41e0eead452b5240dcaa68e4a768') in 0.013474 seconds 
  Import took 0.016192 seconds .

========================================================================
Received Import Request.
  Time since last request: 21.315199 seconds.
  path: Assets/Scenes/Stage2.unity
  artifactKey: Guid(4d2d9b12aa3dc824fb660173e7dc0cf7) Importer(815301076,1909f56bfc062723c751e8b465ee728b)
Start importing Assets/Scenes/Stage2.unity using Guid(4d2d9b12aa3dc824fb660173e7dc0cf7) Importer(815301076,1909f56bfc062723c751e8b465ee728b)  -> (artifact id: '8d6eb110666ce14b21095d3fd4fa9068') in 0.009687 seconds 
  Import took 0.012634 seconds .

========================================================================
Received Prepare
Refreshing native plugins compatible for Editor in 2.31 ms, found 2 plugins.
Preloading 0 native plugins for Editor in 0.00 ms.
Unloading 12 Unused Serialized files (Serialized files now loaded: 0)
System memory in use before: 41.0 MB.
System memory in use after: 41.1 MB.

Unloading 12 unused Assets to reduce memory usage. Loaded Objects now: 1918.
Total: 2.113700 ms (FindLiveObjects: 0.151500 ms CreateObjectMapping: 0.030500 ms MarkObjects: 1.875700 ms  DeleteObjects: 0.055200 ms)

AssetImportParameters requested are different than current active one (requested -> active):
  custom:framework-win-MediaFoundation: 216162199b28c13a410421893ffa2e32 -> 
  custom:video-decoder-ogg-theora: a1e56fd34408186e4bbccfd4996cb3dc -> 
  custom:container-muxer-webm: aa71ff27fc2769a1b78a27578f13a17b -> 
  custom:container-demuxer-webm: 4f35f7cbe854078d1ac9338744f61a02 -> 
  custom:container-demuxer-ogg: 62fdf1f143b41e24485cea50d1cbac27 -> 
  custom:video-encoder-webm-vp8: eb34c28f22e8b96e1ab97ce403110664 -> 
  custom:video-decoder-webm-vp8: 9c59270c3fd7afecdb556c50c9e8de78 -> 
  custom:audio-decoder-ogg-vorbis: bf7c407c2cedff20999df2af8eb42d56 -> 
  custom:audio-encoder-webm-vorbis: bf7c407c2cedff20999df2af8eb42d56 -> 
AssetImportWorkerClient::OnTransportError - code=2 error=End of file
